[ERROR] Failed to load module 'de.dkfz.mga.antibodydb.antibodydb' from user agent 'Mozilla/5.0 (X11; U; Linux i686; de; rv:1.9.2.3) Gecko/20100423 Ubuntu/10.04 (lucid) Firefox/3.6.3' at localhost:46918
java.lang.OutOfMemoryError: Java heap space
	at java.util.LinkedHashMap.init(LinkedHashMap.java:223)
	at java.util.HashMap.<init>(HashMap.java:188)
	at java.util.LinkedHashMap.<init>(LinkedHashMap.java:160)
	at java.util.HashSet.<init>(HashSet.java:142)
	at java.util.LinkedHashSet.<init>(LinkedHashSet.java:137)
	at com.google.gwt.core.ext.typeinfo.JClassType.getFlattenedSuperTypeHierarchy(JClassType.java:45)
	at com.google.gwt.core.ext.typeinfo.JClassType.areClassTypesAssignable(JClassType.java:91)
	at com.google.gwt.core.ext.typeinfo.JClassType.isAssignableFrom(JClassType.java:548)
	at com.google.gwt.core.ext.typeinfo.TypeOracle.computeSingleJsoImplData(TypeOracle.java:669)
	at com.google.gwt.core.ext.typeinfo.TypeOracle.finish(TypeOracle.java:362)
	at com.google.gwt.dev.javac.TypeOracleMediator.addNewUnits(TypeOracleMediator.java:359)
	at com.google.gwt.dev.javac.CompilationState.assimilateUnits(CompilationState.java:135)
	at com.google.gwt.dev.javac.CompilationState.<init>(CompilationState.java:79)
	at com.google.gwt.dev.javac.CompilationStateBuilder.doBuildFrom(CompilationStateBuilder.java:286)
	at com.google.gwt.dev.javac.CompilationStateBuilder.buildFrom(CompilationStateBuilder.java:182)
	at com.google.gwt.dev.cfg.ModuleDef.getCompilationState(ModuleDef.java:280)
	at com.google.gwt.dev.DevModeBase$UiBrowserWidgetHostImpl.createModuleSpaceHost(DevModeBase.java:99)
	at com.google.gwt.dev.shell.OophmSessionHandler.loadModule(OophmSessionHandler.java:180)
	at com.google.gwt.dev.shell.BrowserChannelServer.processConnection(BrowserChannelServer.java:380)
	at com.google.gwt.dev.shell.BrowserChannelServer.run(BrowserChannelServer.java:222)
	at java.lang.Thread.run(Thread.java:619)
   [ERROR] Out of memory; to increase the amount of memory, use the -Xmx flag at startup (java -Xmx128M ...)
