


Rebinding de.dkfz.mga.antibodydb.client.view.EditView.EditViewUiBinder
   Invoking com.google.gwt.dev.javac.StandardGeneratorContext@176ce73
      [ERROR] In <g:TabLayoutPanel>, missing required attribute "barHeight"
[ERROR] Deferred binding failed for 'de.dkfz.mga.antibodydb.client.view.EditView.EditViewUiBinder'; expect subsequent failures
Rebinding com.google.gwt.dom.client.StyleInjector.StyleInjectorImpl
   [WARN] For the following type(s), generated source was never committed (did you forget to call commit()?)
      [WARN] de.dkfz.mga.antibodydb.client.view.EditView_EditViewUiBinderImpl
[ERROR] Unable to load module entry point class de.dkfz.mga.antibodydb.client.Antibodydb (see associated exception for details)
java.lang.RuntimeException: Deferred binding failed for 'de.dkfz.mga.antibodydb.client.view.EditView$EditViewUiBinder' (did you forget to inherit a required module?)
	at com.google.gwt.dev.shell.GWTBridgeImpl.create(GWTBridgeImpl.java:43)
	at com.google.gwt.core.client.GWT.create(GWT.java:98)
	at de.dkfz.mga.antibodydb.client.view.EditView.<clinit>(EditView.java:20)
	at de.dkfz.mga.antibodydb.client.presenter.EditPresenter.<init>(EditPresenter.java:14)
	at de.dkfz.mga.antibodydb.client.presenter.EditPresenter.get(EditPresenter.java:27)
	at de.dkfz.mga.antibodydb.client.Antibodydb.onValueChange(Antibodydb.java:51)
	at com.google.gwt.event.logical.shared.ValueChangeEvent.dispatch(ValueChangeEvent.java:128)
	at com.google.gwt.event.logical.shared.ValueChangeEvent.dispatch(ValueChangeEvent.java:1)
	at com.google.gwt.event.shared.HandlerManager$HandlerRegistry.fireEvent(HandlerManager.java:65)
	at com.google.gwt.event.shared.HandlerManager$HandlerRegistry.access$1(HandlerManager.java:53)
	at com.google.gwt.event.shared.HandlerManager.fireEvent(HandlerManager.java:178)
	at com.google.gwt.user.client.impl.HistoryImpl.fireEvent(HistoryImpl.java:74)
	at com.google.gwt.event.logical.shared.ValueChangeEvent.fire(ValueChangeEvent.java:43)
	at com.google.gwt.user.client.impl.HistoryImpl.fireHistoryChangedImpl(HistoryImpl.java:81)
	at com.google.gwt.user.client.History.fireCurrentHistoryState(History.java:121)
	at de.dkfz.mga.antibodydb.client.Antibodydb.onModuleLoad(Antibodydb.java:32)
	at sun.reflect.NativeMethodAccessorImpl.invoke0(Native Method)
	at sun.reflect.NativeMethodAccessorImpl.invoke(NativeMethodAccessorImpl.java:39)
	at sun.reflect.DelegatingMethodAccessorImpl.invoke(DelegatingMethodAccessorImpl.java:25)
	at java.lang.reflect.Method.invoke(Method.java:597)
	at com.google.gwt.dev.shell.ModuleSpace.onLoad(ModuleSpace.java:369)
	at com.google.gwt.dev.shell.OophmSessionHandler.loadModule(OophmSessionHandler.java:185)
	at com.google.gwt.dev.shell.BrowserChannelServer.processConnection(BrowserChannelServer.java:380)
	at com.google.gwt.dev.shell.BrowserChannelServer.run(BrowserChannelServer.java:222)
	at java.lang.Thread.run(Thread.java:619)
Caused by: com.google.gwt.core.ext.UnableToCompleteException: (see previous log entries)
	at com.google.gwt.dev.shell.ModuleSpace.rebind(ModuleSpace.java:541)
	at com.google.gwt.dev.shell.ModuleSpace.rebindAndCreate(ModuleSpace.java:414)
	at com.google.gwt.dev.shell.GWTBridgeImpl.create(GWTBridgeImpl.java:39)
	... 24 more
[ERROR] Failed to load module 'de.dkfz.mga.antibodydb.antibodydb' from user agent 'Mozilla/5.0 (X11; U; Linux i686; de; rv:1.9.2.3) Gecko/20100423 Ubuntu/10.04 (lucid) Firefox/3.6.3' at localhost:57256
com.google.gwt.core.ext.UnableToCompleteException: (see previous log entries)
	at com.google.gwt.dev.shell.ModuleSpace.onLoad(ModuleSpace.java:399)
	at com.google.gwt.dev.shell.OophmSessionHandler.loadModule(OophmSessionHandler.java:185)
	at com.google.gwt.dev.shell.BrowserChannelServer.processConnection(BrowserChannelServer.java:380)
	at com.google.gwt.dev.shell.BrowserChannelServer.run(BrowserChannelServer.java:222)
	at java.lang.Thread.run(Thread.java:619)


Rebinding de.dkfz.mga.antibodydb.client.services.Login
   Invoking generator com.google.gwt.user.rebind.rpc.ServiceInterfaceProxyGenerator
      Generating client proxy for remote service interface 'de.dkfz.mga.antibodydb.client.services.Login'
         Checking the synchronous interface 'de.dkfz.mga.antibodydb.client.services.Login' against its asynchronous version 'de.dkfz.mga.antibodydb.client.services.LoginAsync'
            [ERROR] The asynchronous version of the synchronous method 'public abstract de.dkfz.mga.antibodydb.shared.User login(java.lang.String username, java.lang.String password)' must have a return type of 'void' or 'com.google.gwt.http.client.Request' or 'com.google.gwt.http.client.RequestBuilder'
            A valid definition for the asynchronous version of interface 'de.dkfz.mga.antibodydb.client.services.Login' would be:

               [ERROR] 
package de.dkfz.mga.antibodydb.client.services;

public interface LoginAsync {
	void login(java.lang.String username, java.lang.String password, com.google.gwt.user.client.rpc.AsyncCallback<de.dkfz.mga.antibodydb.shared.User> arg3);
	void logout(com.google.gwt.user.client.rpc.AsyncCallback<java.lang.Void> arg1);
}
[ERROR] Deferred binding failed for 'de.dkfz.mga.antibodydb.client.services.Login'; expect subsequent failures
[ERROR] Unable to load module entry point class de.dkfz.mga.antibodydb.client.Antibodydb (see associated exception for details)
java.lang.RuntimeException: Deferred binding failed for 'de.dkfz.mga.antibodydb.client.services.Login' (did you forget to inherit a required module?)
	at com.google.gwt.dev.shell.GWTBridgeImpl.create(GWTBridgeImpl.java:43)
	at com.google.gwt.core.client.GWT.create(GWT.java:97)
	at de.dkfz.mga.antibodydb.client.Antibodydb.<clinit>(Antibodydb.java:25)
	at java.lang.Class.forName0(Native Method)
	at java.lang.Class.forName(Class.java:247)
	at com.google.gwt.dev.shell.ModuleSpace.loadClassFromSourceName(ModuleSpace.java:583)
	at com.google.gwt.dev.shell.ModuleSpace.onLoad(ModuleSpace.java:351)
	at com.google.gwt.dev.shell.OophmSessionHandler.loadModule(OophmSessionHandler.java:181)
	at com.google.gwt.dev.shell.BrowserChannelServer.processConnection(BrowserChannelServer.java:520)
	at com.google.gwt.dev.shell.BrowserChannelServer.run(BrowserChannelServer.java:362)
	at java.lang.Thread.run(Thread.java:619)
Caused by: com.google.gwt.core.ext.UnableToCompleteException: (see previous log entries)
	at com.google.gwt.dev.shell.ModuleSpace.rebind(ModuleSpace.java:544)
	at com.google.gwt.dev.shell.ModuleSpace.rebindAndCreate(ModuleSpace.java:417)
	at com.google.gwt.dev.shell.GWTBridgeImpl.create(GWTBridgeImpl.java:39)
	... 10 more
[ERROR] Failed to load module 'de.dkfz.mga.antibodydb.antibodydb' from user agent 'Mozilla/5.0 (X11; U; Linux i686; de; rv:1.9.2.3) Gecko/20100423 Ubuntu/10.04 (lucid) Firefox/3.6.3' at localhost:55230
com.google.gwt.core.ext.UnableToCompleteException: (see previous log entries)
	at com.google.gwt.dev.shell.ModuleSpace.onLoad(ModuleSpace.java:402)
	at com.google.gwt.dev.shell.OophmSessionHandler.loadModule(OophmSessionHandler.java:181)
	at com.google.gwt.dev.shell.BrowserChannelServer.processConnection(BrowserChannelServer.java:520)
	at com.google.gwt.dev.shell.BrowserChannelServer.run(BrowserChannelServer.java:362)
	at java.lang.Thread.run(Thread.java:619)
