



Rebinding de.dkfz.mga.antibodydb.client.view.EditView.EditViewUiBinder
   Adding '3' new generated units
      Validating newly compiled units
         [ERROR] Errors in 'generated://3B5625AD48B35B37667446CD3E89E6AC/de/dkfz/mga/antibodydb/client/view/EditView_EditViewUiBinderImpl.java'
            [ERROR] Line 198: Type mismatch: cannot convert from HTMLPanel to FormPanel
   [ERROR] Unable to find recently-generated type 'de.dkfz.mga.antibodydb.client.view.EditView_EditViewUiBinderImpl
[ERROR] Deferred binding failed for 'de.dkfz.mga.antibodydb.client.view.EditView.EditViewUiBinder'; expect subsequent failures
[ERROR] Unable to load module entry point class de.dkfz.mga.antibodydb.client.Antibodydb (see associated exception for details)
java.lang.RuntimeException: Deferred binding failed for 'de.dkfz.mga.antibodydb.client.view.EditView$EditViewUiBinder' (did you forget to inherit a required module?)
	at com.google.gwt.dev.shell.GWTBridgeImpl.create(GWTBridgeImpl.java:43)
	at com.google.gwt.core.client.GWT.create(GWT.java:98)
	at de.dkfz.mga.antibodydb.client.view.EditView.<clinit>(EditView.java:19)
	at de.dkfz.mga.antibodydb.client.presenter.EditPresenter.<init>(EditPresenter.java:14)
	at de.dkfz.mga.antibodydb.client.presenter.EditPresenter.get(EditPresenter.java:27)
	at de.dkfz.mga.antibodydb.client.Antibodydb.onValueChange(Antibodydb.java:51)
	at com.google.gwt.event.logical.shared.ValueChangeEvent.dispatch(ValueChangeEvent.java:128)
	at com.google.gwt.event.logical.shared.ValueChangeEvent.dispatch(ValueChangeEvent.java:1)
	at com.google.gwt.event.shared.HandlerManager$HandlerRegistry.fireEvent(HandlerManager.java:65)
	at com.google.gwt.event.shared.HandlerManager$HandlerRegistry.access$1(HandlerManager.java:53)
	at com.google.gwt.event.shared.HandlerManager.fireEvent(HandlerManager.java:178)
	at com.google.gwt.user.client.impl.HistoryImpl.fireEvent(HistoryImpl.java:74)
	at com.google.gwt.event.logical.shared.ValueChangeEvent.fire(ValueChangeEvent.java:43)
	at com.google.gwt.user.client.impl.HistoryImpl.fireHistoryChangedImpl(HistoryImpl.java:81)
	at com.google.gwt.user.client.History.fireCurrentHistoryState(History.java:121)
	at de.dkfz.mga.antibodydb.client.Antibodydb.onModuleLoad(Antibodydb.java:32)
	at sun.reflect.NativeMethodAccessorImpl.invoke0(Native Method)
	at sun.reflect.NativeMethodAccessorImpl.invoke(NativeMethodAccessorImpl.java:39)
	at sun.reflect.DelegatingMethodAccessorImpl.invoke(DelegatingMethodAccessorImpl.java:25)
	at java.lang.reflect.Method.invoke(Method.java:597)
	at com.google.gwt.dev.shell.ModuleSpace.onLoad(ModuleSpace.java:369)
	at com.google.gwt.dev.shell.OophmSessionHandler.loadModule(OophmSessionHandler.java:185)
	at com.google.gwt.dev.shell.BrowserChannelServer.processConnection(BrowserChannelServer.java:380)
	at com.google.gwt.dev.shell.BrowserChannelServer.run(BrowserChannelServer.java:222)
	at java.lang.Thread.run(Thread.java:619)
Caused by: com.google.gwt.core.ext.UnableToCompleteException: (see previous log entries)
	at com.google.gwt.dev.shell.ModuleSpace.rebind(ModuleSpace.java:541)
	at com.google.gwt.dev.shell.ModuleSpace.rebindAndCreate(ModuleSpace.java:414)
	at com.google.gwt.dev.shell.GWTBridgeImpl.create(GWTBridgeImpl.java:39)
	... 24 more
[ERROR] Failed to load module 'de.dkfz.mga.antibodydb.antibodydb' from user agent 'Mozilla/5.0 (X11; U; Linux i686; de; rv:1.9.2.3) Gecko/20100423 Ubuntu/10.04 (lucid) Firefox/3.6.3' at localhost:51078
com.google.gwt.core.ext.UnableToCompleteException: (see previous log entries)
	at com.google.gwt.dev.shell.ModuleSpace.onLoad(ModuleSpace.java:399)
	at com.google.gwt.dev.shell.OophmSessionHandler.loadModule(OophmSessionHandler.java:185)
	at com.google.gwt.dev.shell.BrowserChannelServer.processConnection(BrowserChannelServer.java:380)
	at com.google.gwt.dev.shell.BrowserChannelServer.run(BrowserChannelServer.java:222)
	at java.lang.Thread.run(Thread.java:619)



Rebinding de.dkfz.mga.antibodydb.client.view.EditView.EditViewUiBinder
   Invoking com.google.gwt.dev.javac.StandardGeneratorContext@cd7ae8
      [ERROR] In <g:Image altText='Reset' resource='{res.delete}' styleName='{style.actionImages}' ui:field='antibodyReset'>, class Image has no appropriate setAltText() method
[ERROR] Deferred binding failed for 'de.dkfz.mga.antibodydb.client.view.EditView.EditViewUiBinder'; expect subsequent failures
Rebinding com.google.gwt.dom.client.StyleInjector.StyleInjectorImpl
   [WARN] For the following type(s), generated source was never committed (did you forget to call commit()?)
      [WARN] de.dkfz.mga.antibodydb.client.view.EditView_EditViewUiBinderImpl
[ERROR] Unable to load module entry point class de.dkfz.mga.antibodydb.client.Antibodydb (see associated exception for details)
java.lang.RuntimeException: Deferred binding failed for 'de.dkfz.mga.antibodydb.client.view.EditView$EditViewUiBinder' (did you forget to inherit a required module?)
	at com.google.gwt.dev.shell.GWTBridgeImpl.create(GWTBridgeImpl.java:43)
	at com.google.gwt.core.client.GWT.create(GWT.java:98)
	at de.dkfz.mga.antibodydb.client.view.EditView.<clinit>(EditView.java:27)
	at de.dkfz.mga.antibodydb.client.presenter.EditPresenter.<init>(EditPresenter.java:14)
	at de.dkfz.mga.antibodydb.client.presenter.EditPresenter.get(EditPresenter.java:27)
	at de.dkfz.mga.antibodydb.client.Antibodydb.onValueChange(Antibodydb.java:51)
	at com.google.gwt.event.logical.shared.ValueChangeEvent.dispatch(ValueChangeEvent.java:128)
	at com.google.gwt.event.logical.shared.ValueChangeEvent.dispatch(ValueChangeEvent.java:1)
	at com.google.gwt.event.shared.HandlerManager$HandlerRegistry.fireEvent(HandlerManager.java:65)
	at com.google.gwt.event.shared.HandlerManager$HandlerRegistry.access$1(HandlerManager.java:53)
	at com.google.gwt.event.shared.HandlerManager.fireEvent(HandlerManager.java:178)
	at com.google.gwt.user.client.impl.HistoryImpl.fireEvent(HistoryImpl.java:74)
	at com.google.gwt.event.logical.shared.ValueChangeEvent.fire(ValueChangeEvent.java:43)
	at com.google.gwt.user.client.impl.HistoryImpl.fireHistoryChangedImpl(HistoryImpl.java:81)
	at com.google.gwt.user.client.History.fireCurrentHistoryState(History.java:121)
	at de.dkfz.mga.antibodydb.client.Antibodydb.onModuleLoad(Antibodydb.java:32)
	at sun.reflect.NativeMethodAccessorImpl.invoke0(Native Method)
	at sun.reflect.NativeMethodAccessorImpl.invoke(NativeMethodAccessorImpl.java:39)
	at sun.reflect.DelegatingMethodAccessorImpl.invoke(DelegatingMethodAccessorImpl.java:25)
	at java.lang.reflect.Method.invoke(Method.java:597)
	at com.google.gwt.dev.shell.ModuleSpace.onLoad(ModuleSpace.java:369)
	at com.google.gwt.dev.shell.OophmSessionHandler.loadModule(OophmSessionHandler.java:185)
	at com.google.gwt.dev.shell.BrowserChannelServer.processConnection(BrowserChannelServer.java:380)
	at com.google.gwt.dev.shell.BrowserChannelServer.run(BrowserChannelServer.java:222)
	at java.lang.Thread.run(Thread.java:619)
Caused by: com.google.gwt.core.ext.UnableToCompleteException: (see previous log entries)
	at com.google.gwt.dev.shell.ModuleSpace.rebind(ModuleSpace.java:541)
	at com.google.gwt.dev.shell.ModuleSpace.rebindAndCreate(ModuleSpace.java:414)
	at com.google.gwt.dev.shell.GWTBridgeImpl.create(GWTBridgeImpl.java:39)
	... 24 more
[ERROR] Failed to load module 'de.dkfz.mga.antibodydb.antibodydb' from user agent 'Mozilla/5.0 (X11; U; Linux i686; de; rv:1.9.2.3) Gecko/20100423 Ubuntu/10.04 (lucid) Firefox/3.6.3' at localhost:45690
com.google.gwt.core.ext.UnableToCompleteException: (see previous log entries)
	at com.google.gwt.dev.shell.ModuleSpace.onLoad(ModuleSpace.java:399)
	at com.google.gwt.dev.shell.OophmSessionHandler.loadModule(OophmSessionHandler.java:185)
	at com.google.gwt.dev.shell.BrowserChannelServer.processConnection(BrowserChannelServer.java:380)
	at com.google.gwt.dev.shell.BrowserChannelServer.run(BrowserChannelServer.java:222)
	at java.lang.Thread.run(Thread.java:619)

Validating newly compiled units
   [ERROR] Errors in 'file:/home/bastian/NetBeansProjects/Antibodydb/src/java/de/dkfz/mga/antibodydb/client/Antibodydb.java'
      [ERROR] Line 24: Login cannot be resolved to a type
      [ERROR] Line 24: No source code is available for type Login; did you forget to inherit a required module?
      [ERROR] Line 24: The method create(Class<?>) from the type GWT refers to the missing type Login
      [ERROR] Line 24: Login cannot be resolved to a type
   [ERROR] Errors in 'file:/home/bastian/NetBeansProjects/Antibodydb/src/java/de/dkfz/mga/antibodydb/client/presenter/LoginPresenter.java'
      [ERROR] Line 32: Login cannot be resolved to a type
Finding entry point classes
   [ERROR] Unable to find type 'de.dkfz.mga.antibodydb.client.Antibodydb'
      [ERROR] Hint: Previous compiler errors may have made this type unavailable
      [ERROR] Hint: Check the inheritance chain from your module; it may not be inheriting a required module or a module may not be adding its source path entries properly
[ERROR] Failed to load module 'de.dkfz.mga.antibodydb.antibodydb' from user agent 'Mozilla/5.0 (X11; U; Linux i686; de; rv:1.9.2.3) Gecko/20100423 Ubuntu/10.04 (lucid) Firefox/3.6.3' at localhost:46308
com.google.gwt.core.ext.UnableToCompleteException: (see previous log entries)
	at com.google.gwt.dev.cfg.ModuleDef.checkForSeedTypes(ModuleDef.java:512)
	at com.google.gwt.dev.cfg.ModuleDef.getCompilationState(ModuleDef.java:291)
	at com.google.gwt.dev.DevModeBase$UiBrowserWidgetHostImpl.createModuleSpaceHost(DevModeBase.java:97)
	at com.google.gwt.dev.shell.OophmSessionHandler.loadModule(OophmSessionHandler.java:176)
	at com.google.gwt.dev.shell.BrowserChannelServer.processConnection(BrowserChannelServer.java:520)
	at com.google.gwt.dev.shell.BrowserChannelServer.run(BrowserChannelServer.java:362)
	at java.lang.Thread.run(Thread.java:619)
