[ERROR] Uncaught exception escaped
java.lang.IllegalArgumentException: Something other than a Java object was returned from JSNI method '@com.google.gwt.core.client.impl.Impl::apply(Ljava/lang/Object;Ljava/lang/Object;Ljava/lang/Object;)': JS value of type int, expected java.lang.Object
	at com.google.gwt.dev.shell.JsValueGlue.get(JsValueGlue.java:178)
	at com.google.gwt.dev.shell.ModuleSpace.invokeNativeObject(ModuleSpace.java:266)
	at com.google.gwt.dev.shell.JavaScriptHost.invokeNativeObject(JavaScriptHost.java:91)
	at com.google.gwt.core.client.impl.Impl.apply(Impl.java)
	at com.google.gwt.core.client.impl.Impl.entry0(Impl.java:188)
	at sun.reflect.NativeMethodAccessorImpl.invoke0(Native Method)
	at sun.reflect.NativeMethodAccessorImpl.invoke(NativeMethodAccessorImpl.java:39)
	at sun.reflect.DelegatingMethodAccessorImpl.invoke(DelegatingMethodAccessorImpl.java:25)
	at java.lang.reflect.Method.invoke(Method.java:597)
	at com.google.gwt.dev.shell.MethodAdaptor.invoke(MethodAdaptor.java:103)
	at com.google.gwt.dev.shell.MethodDispatch.invoke(MethodDispatch.java:71)
	at com.google.gwt.dev.shell.OophmSessionHandler.invoke(OophmSessionHandler.java:157)
	at com.google.gwt.dev.shell.BrowserChannel.reactToMessagesWhileWaitingForReturn(BrowserChannel.java:1713)
	at com.google.gwt.dev.shell.BrowserChannelServer.invokeJavascript(BrowserChannelServer.java:165)
	at com.google.gwt.dev.shell.ModuleSpaceOOPHM.doInvoke(ModuleSpaceOOPHM.java:120)
	at com.google.gwt.dev.shell.ModuleSpace.invokeNative(ModuleSpace.java:507)
	at com.google.gwt.dev.shell.ModuleSpace.invokeNativeInt(ModuleSpace.java:240)
	at com.google.gwt.dev.shell.JavaScriptHost.invokeNativeInt(JavaScriptHost.java:75)
	at com.google.gwt.core.client.JsArray$.length$(JsArray.java)
	at com.google.gwt.core.client.impl.SchedulerImpl.runScheduledTasks(SchedulerImpl.java:156)
	at com.google.gwt.core.client.impl.SchedulerImpl.flushFinallyCommands(SchedulerImpl.java:268)
	at com.google.gwt.core.client.impl.Impl.exit(Impl.java:207)
	at sun.reflect.NativeMethodAccessorImpl.invoke0(Native Method)
	at sun.reflect.NativeMethodAccessorImpl.invoke(NativeMethodAccessorImpl.java:39)
	at sun.reflect.DelegatingMethodAccessorImpl.invoke(DelegatingMethodAccessorImpl.java:25)
	at java.lang.reflect.Method.invoke(Method.java:597)
	at com.google.gwt.dev.shell.ModuleSpace.onLoad(ModuleSpace.java:374)
	at com.google.gwt.dev.shell.OophmSessionHandler.loadModule(OophmSessionHandler.java:185)
	at com.google.gwt.dev.shell.BrowserChannelServer.processConnection(BrowserChannelServer.java:380)
	at com.google.gwt.dev.shell.BrowserChannelServer.run(BrowserChannelServer.java:222)
	at java.lang.Thread.run(Thread.java:619)
[ERROR] Unable to load module entry point class de.dkfz.mga.antibodydb.client.Antibodydb (see associated exception for details)
com.google.gwt.core.client.JavaScriptException: (null): __static[393267] is not a function
 fileName: http://127.0.0.1:8888
 lineNumber: 53
 stack: ([object MouseEvent])@http://127.0.0.1:8888:53
((function (evt) {if (__static[393267](evt)) {var cap = __static[393266];if (cap && cap.__listener) {if (__gwt_makeJavaInvoke(1)(null, 458785, cap.__listener)) {__gwt_makeJavaInvoke(3)(null, 524310, evt, cap, cap.__listener);evt.stopPropagation();}}}}),[object XPCCrossOriginWrapper],[object Object])@http://127.0.0.1:8888:49
@:0
(null,27,(function (evt) {if (__static[393267](evt)) {var cap = __static[393266];if (cap && cap.__listener) {if (__gwt_makeJavaInvoke(1)(null, 458785, cap.__listener)) {__gwt_makeJavaInvoke(3)(null, 524310, evt, cap, cap.__listener);evt.stopPropagation();}}}}),[object XPCCrossOriginWrapper],[object Object])@http://127.0.0.1:8888/de.dkfz.mga.antibodydb.antibodydb/hosted.html?de_dkfz_mga_antibodydb_antibodydb:56
([object MouseEvent])@http://127.0.0.1:8888:37

	at com.google.gwt.dev.shell.BrowserChannelServer.invokeJavascript(BrowserChannelServer.java:195)
	at com.google.gwt.dev.shell.ModuleSpaceOOPHM.doInvoke(ModuleSpaceOOPHM.java:120)
	at com.google.gwt.dev.shell.ModuleSpace.invokeNative(ModuleSpace.java:507)
	at com.google.gwt.dev.shell.ModuleSpace.invokeNativeInt(ModuleSpace.java:240)
	at com.google.gwt.dev.shell.JavaScriptHost.invokeNativeInt(JavaScriptHost.java:75)
	at com.google.gwt.core.client.JsArray$.length$(JsArray.java)
	at com.google.gwt.core.client.impl.SchedulerImpl.runScheduledTasks(SchedulerImpl.java:156)
	at com.google.gwt.core.client.impl.SchedulerImpl.flushFinallyCommands(SchedulerImpl.java:268)
	at com.google.gwt.core.client.impl.Impl.exit(Impl.java:207)
	at sun.reflect.NativeMethodAccessorImpl.invoke0(Native Method)
	at sun.reflect.NativeMethodAccessorImpl.invoke(NativeMethodAccessorImpl.java:39)
	at sun.reflect.DelegatingMethodAccessorImpl.invoke(DelegatingMethodAccessorImpl.java:25)
	at java.lang.reflect.Method.invoke(Method.java:597)
	at com.google.gwt.dev.shell.ModuleSpace.onLoad(ModuleSpace.java:374)
	at com.google.gwt.dev.shell.OophmSessionHandler.loadModule(OophmSessionHandler.java:185)
	at com.google.gwt.dev.shell.BrowserChannelServer.processConnection(BrowserChannelServer.java:380)
	at com.google.gwt.dev.shell.BrowserChannelServer.run(BrowserChannelServer.java:222)
	at java.lang.Thread.run(Thread.java:619)
[ERROR] Failed to load module 'de.dkfz.mga.antibodydb.antibodydb' from user agent 'Mozilla/5.0 (X11; U; Linux i686; de; rv:1.9.2.3) Gecko/20100423 Ubuntu/10.04 (lucid) Firefox/3.6.3' at localhost:46917
com.google.gwt.core.ext.UnableToCompleteException: (see previous log entries)
	at com.google.gwt.dev.shell.ModuleSpace.onLoad(ModuleSpace.java:399)
	at com.google.gwt.dev.shell.OophmSessionHandler.loadModule(OophmSessionHandler.java:185)
	at com.google.gwt.dev.shell.BrowserChannelServer.processConnection(BrowserChannelServer.java:380)
	at com.google.gwt.dev.shell.BrowserChannelServer.run(BrowserChannelServer.java:222)
	at java.lang.Thread.run(Thread.java:619)

[ERROR] Failed to load module 'de.dkfz.mga.antibodydb.antibodydb' from user agent 'Mozilla/5.0 (X11; U; Linux i686; de; rv:1.9.2.3) Gecko/20100423 Ubuntu/10.04 (lucid) Firefox/3.6.3' at localhost:49664
java.lang.OutOfMemoryError: Java heap space
	at java.util.HashMap.<init>(HashMap.java:187)
	at java.util.LinkedHashMap.<init>(LinkedHashMap.java:160)
	at java.util.HashSet.<init>(HashSet.java:142)
	at java.util.LinkedHashSet.<init>(LinkedHashSet.java:137)
	at com.google.gwt.core.ext.typeinfo.JClassType.getFlattenedSuperTypeHierarchy(JClassType.java:45)
	at com.google.gwt.core.ext.typeinfo.JClassType.getFlattenedSuperTypeHierarchyRecursive(JClassType.java:325)
	at com.google.gwt.core.ext.typeinfo.JClassType.getFlattenedSuperTypeHierarchy(JClassType.java:46)
	at com.google.gwt.core.ext.typeinfo.JClassType.areClassTypesAssignable(JClassType.java:91)
	at com.google.gwt.core.ext.typeinfo.JClassType.isAssignableFrom(JClassType.java:548)
	at com.google.gwt.core.ext.typeinfo.TypeOracle.computeSingleJsoImplData(TypeOracle.java:669)
	at com.google.gwt.core.ext.typeinfo.TypeOracle.finish(TypeOracle.java:362)
	at com.google.gwt.dev.javac.TypeOracleMediator.addNewUnits(TypeOracleMediator.java:359)
	at com.google.gwt.dev.javac.CompilationState.assimilateUnits(CompilationState.java:135)
	at com.google.gwt.dev.javac.CompilationState.<init>(CompilationState.java:79)
	at com.google.gwt.dev.javac.CompilationStateBuilder.doBuildFrom(CompilationStateBuilder.java:286)
	at com.google.gwt.dev.javac.CompilationStateBuilder.buildFrom(CompilationStateBuilder.java:182)
	at com.google.gwt.dev.cfg.ModuleDef.getCompilationState(ModuleDef.java:280)
	at com.google.gwt.dev.DevModeBase$UiBrowserWidgetHostImpl.createModuleSpaceHost(DevModeBase.java:99)
	at com.google.gwt.dev.shell.OophmSessionHandler.loadModule(OophmSessionHandler.java:180)
	at com.google.gwt.dev.shell.BrowserChannelServer.processConnection(BrowserChannelServer.java:380)
	at com.google.gwt.dev.shell.BrowserChannelServer.run(BrowserChannelServer.java:222)
	at java.lang.Thread.run(Thread.java:619)
   [ERROR] Out of memory; to increase the amount of memory, use the -Xmx flag at startup (java -Xmx128M ...)
