
[ERROR] Unable to load module entry point class de.dkfz.mga.antibodydb.client.Antibodydb (see associated exception for details)
java.lang.AssertionError: beforeIndex out of bounds
	at com.google.gwt.user.client.ui.TabLayoutPanel.insert(TabLayoutPanel.java:450)
	at com.google.gwt.user.client.ui.TabLayoutPanel.insert(TabLayoutPanel.java:324)
	at com.google.gwt.user.client.ui.TabLayoutPanel.insert(TabLayoutPanel.java:300)
	at com.google.gwt.user.client.ui.TabLayoutPanel.insert(TabLayoutPanel.java:312)
	at de.dkfz.mga.antibodydb.client.view.EditView.addImageTab(EditView.java:77)
	at de.dkfz.mga.antibodydb.client.view.EditView.initImageTabs(EditView.java:70)
	at de.dkfz.mga.antibodydb.client.view.EditView.<init>(EditView.java:59)
	at de.dkfz.mga.antibodydb.client.presenter.EditPresenter.<init>(EditPresenter.java:14)
	at de.dkfz.mga.antibodydb.client.presenter.EditPresenter.get(EditPresenter.java:27)
	at de.dkfz.mga.antibodydb.client.Antibodydb.onValueChange(Antibodydb.java:51)
	at com.google.gwt.event.logical.shared.ValueChangeEvent.dispatch(ValueChangeEvent.java:128)
	at com.google.gwt.event.logical.shared.ValueChangeEvent.dispatch(ValueChangeEvent.java:1)
	at com.google.gwt.event.shared.HandlerManager$HandlerRegistry.fireEvent(HandlerManager.java:65)
	at com.google.gwt.event.shared.HandlerManager$HandlerRegistry.access$1(HandlerManager.java:53)
	at com.google.gwt.event.shared.HandlerManager.fireEvent(HandlerManager.java:178)
	at com.google.gwt.user.client.impl.HistoryImpl.fireEvent(HistoryImpl.java:74)
	at com.google.gwt.event.logical.shared.ValueChangeEvent.fire(ValueChangeEvent.java:43)
	at com.google.gwt.user.client.impl.HistoryImpl.fireHistoryChangedImpl(HistoryImpl.java:81)
	at com.google.gwt.user.client.History.fireCurrentHistoryState(History.java:121)
	at de.dkfz.mga.antibodydb.client.Antibodydb.onModuleLoad(Antibodydb.java:32)
	at sun.reflect.NativeMethodAccessorImpl.invoke0(Native Method)
	at sun.reflect.NativeMethodAccessorImpl.invoke(NativeMethodAccessorImpl.java:39)
	at sun.reflect.DelegatingMethodAccessorImpl.invoke(DelegatingMethodAccessorImpl.java:25)
	at java.lang.reflect.Method.invoke(Method.java:597)
	at com.google.gwt.dev.shell.ModuleSpace.onLoad(ModuleSpace.java:369)
	at com.google.gwt.dev.shell.OophmSessionHandler.loadModule(OophmSessionHandler.java:185)
	at com.google.gwt.dev.shell.BrowserChannelServer.processConnection(BrowserChannelServer.java:380)
	at com.google.gwt.dev.shell.BrowserChannelServer.run(BrowserChannelServer.java:222)
	at java.lang.Thread.run(Thread.java:619)
[ERROR] Failed to load module 'de.dkfz.mga.antibodydb.antibodydb' from user agent 'Mozilla/5.0 (X11; U; Linux i686; de; rv:1.9.2.3) Gecko/20100423 Ubuntu/10.04 (lucid) Firefox/3.6.3' at localhost:43406
com.google.gwt.core.ext.UnableToCompleteException: (see previous log entries)
	at com.google.gwt.dev.shell.ModuleSpace.onLoad(ModuleSpace.java:399)
	at com.google.gwt.dev.shell.OophmSessionHandler.loadModule(OophmSessionHandler.java:185)
	at com.google.gwt.dev.shell.BrowserChannelServer.processConnection(BrowserChannelServer.java:380)
	at com.google.gwt.dev.shell.BrowserChannelServer.run(BrowserChannelServer.java:222)
	at java.lang.Thread.run(Thread.java:619)
