[ERROR] Unable to bind socket on port 9997 -- is another session active?
java.net.BindException: Address already in use
	at java.net.PlainSocketImpl.socketBind(Native Method)
	at java.net.PlainSocketImpl.bind(PlainSocketImpl.java:365)
	at java.net.ServerSocket.bind(ServerSocket.java:319)
	at java.net.ServerSocket.bind(ServerSocket.java:277)
	at com.google.gwt.dev.shell.BrowserListener.<init>(BrowserListener.java:67)
	at com.google.gwt.dev.DevModeBase.ensureCodeServerListener(DevModeBase.java:898)
	at com.google.gwt.dev.DevModeBase.doStartup(DevModeBase.java:888)
	at com.google.gwt.dev.DevModeBase.startUp(DevModeBase.java:1030)
	at com.google.gwt.dev.DevModeBase.run(DevModeBase.java:783)
	at com.google.gwt.dev.DevMode.main(DevMode.java:275)

Started code server on port 9997
Started web server on port 8888
Loading modules
   de.dkfz.mga.antibodydb
      [ERROR] Unable to find 'de/dkfz/mga/antibodydb.gwt.xml' on your classpath; could be a typo, or maybe you forgot to include a classpath entry for source?

Started code server on port 9997
Started web server on port 8888
Loading modules
   de.dkfz.mga.antibodydb
      [ERROR] Unable to find 'de/dkfz/mga/antibodydb.gwt.xml' on your classpath; could be a typo, or maybe you forgot to include a classpath entry for source?

Started code server on port 9997
Started web server on port 8888
Loading modules
   de.dkfz.mga.antibodydb
      [ERROR] Unable to find 'de/dkfz/mga/antibodydb.gwt.xml' on your classpath; could be a typo, or maybe you forgot to include a classpath entry for source?

Started code server on port 9997
Started web server on port 8888
Loading modules
   de.dkfz.mga.antibodydb.antibodydb
      Module location: file:/home/bastian/NetBeansProjects/Antibodydb/src/java/de/dkfz/mga/antibodydb/antibodydb.gwt.xml
      Loading inherited module 'com.google.gwt.user.User'
         Module location: jar:file:/home/bastian/NetBeansProjects/Antibodydb/lib/GWT2.0.2/gwt-user.jar!/com/google/gwt/user/User.gwt.xml
         Loading inherited module 'com.google.gwt.core.Core'
            Module location: jar:file:/home/bastian/NetBeansProjects/Antibodydb/lib/GWT2.0.2/gwt-user.jar!/com/google/gwt/core/Core.gwt.xml
            Loading inherited module 'com.google.gwt.dev.jjs.intrinsic.Intrinsic'
               Module location: jar:file:/home/bastian/NetBeansProjects/Antibodydb/lib/gwt-dev.jar!/com/google/gwt/dev/jjs/intrinsic/Intrinsic.gwt.xml
               Loading inherited module 'com.google.gwt.lang.LongLib'
                  Module location: jar:file:/home/bastian/NetBeansProjects/Antibodydb/lib/gwt-dev.jar!/com/google/gwt/lang/LongLib.gwt.xml
            Loading inherited module 'com.google.gwt.emul.Emulation'
               Module location: jar:file:/home/bastian/NetBeansProjects/Antibodydb/lib/GWT2.0.2/gwt-user.jar!/com/google/gwt/emul/Emulation.gwt.xml
            Loading inherited module 'com.google.gwt.xhr.XMLHttpRequest'
               Module location: jar:file:/home/bastian/NetBeansProjects/Antibodydb/lib/GWT2.0.2/gwt-user.jar!/com/google/gwt/xhr/XMLHttpRequest.gwt.xml
               Loading inherited module 'com.google.gwt.core.Core'
                  Module 'com.google.gwt.core.Core' has already been loaded and will be skipped
            Loading inherited module 'com.google.gwt.core.CompilerParameters'
               Module location: jar:file:/home/bastian/NetBeansProjects/Antibodydb/lib/GWT2.0.2/gwt-user.jar!/com/google/gwt/core/CompilerParameters.gwt.xml
            Loading inherited module 'com.google.gwt.core.EmulateJsStack'
               Module location: jar:file:/home/bastian/NetBeansProjects/Antibodydb/lib/GWT2.0.2/gwt-user.jar!/com/google/gwt/core/EmulateJsStack.gwt.xml
               Loading inherited module 'com.google.gwt.core.Core'
                  Module 'com.google.gwt.core.Core' has already been loaded and will be skipped
         Loading inherited module 'com.google.gwt.event.Event'
            Module location: jar:file:/home/bastian/NetBeansProjects/Antibodydb/lib/GWT2.0.2/gwt-user.jar!/com/google/gwt/event/Event.gwt.xml
            Loading inherited module 'com.google.gwt.event.EventBase'
               Module location: jar:file:/home/bastian/NetBeansProjects/Antibodydb/lib/GWT2.0.2/gwt-user.jar!/com/google/gwt/event/EventBase.gwt.xml
               Loading inherited module 'com.google.gwt.core.Core'
                  Module 'com.google.gwt.core.Core' has already been loaded and will be skipped
            Loading inherited module 'com.google.gwt.event.dom.DomEvent'
               Module location: jar:file:/home/bastian/NetBeansProjects/Antibodydb/lib/GWT2.0.2/gwt-user.jar!/com/google/gwt/event/dom/DomEvent.gwt.xml
               Loading inherited module 'com.google.gwt.event.EventBase'
                  Module 'com.google.gwt.event.EventBase' has already been loaded and will be skipped
               Loading inherited module 'com.google.gwt.dom.DOM'
                  Module location: jar:file:/home/bastian/NetBeansProjects/Antibodydb/lib/GWT2.0.2/gwt-user.jar!/com/google/gwt/dom/DOM.gwt.xml
                  Loading inherited module 'com.google.gwt.core.Core'
                     Module 'com.google.gwt.core.Core' has already been loaded and will be skipped
                  Loading inherited module 'com.google.gwt.user.UserAgent'
                     Module location: jar:file:/home/bastian/NetBeansProjects/Antibodydb/lib/GWT2.0.2/gwt-user.jar!/com/google/gwt/user/UserAgent.gwt.xml
                     Loading inherited module 'com.google.gwt.emul.EmulationWithUserAgent'
                        Module location: jar:file:/home/bastian/NetBeansProjects/Antibodydb/lib/GWT2.0.2/gwt-user.jar!/com/google/gwt/emul/EmulationWithUserAgent.gwt.xml
                        Loading inherited module 'com.google.gwt.emul.Emulation'
                           Module 'com.google.gwt.emul.Emulation' has already been loaded and will be skipped
                     Loading inherited module 'com.google.gwt.core.CoreWithUserAgent'
                        Module location: jar:file:/home/bastian/NetBeansProjects/Antibodydb/lib/GWT2.0.2/gwt-user.jar!/com/google/gwt/core/CoreWithUserAgent.gwt.xml
                        Loading inherited module 'com.google.gwt.core.Core'
                           Module 'com.google.gwt.core.Core' has already been loaded and will be skipped
            Loading inherited module 'com.google.gwt.event.logical.LogicalEvent'
               Module location: jar:file:/home/bastian/NetBeansProjects/Antibodydb/lib/GWT2.0.2/gwt-user.jar!/com/google/gwt/event/logical/LogicalEvent.gwt.xml
               Loading inherited module 'com.google.gwt.event.EventBase'
                  Module 'com.google.gwt.event.EventBase' has already been loaded and will be skipped
         Loading inherited module 'com.google.gwt.animation.Animation'
            Module location: jar:file:/home/bastian/NetBeansProjects/Antibodydb/lib/GWT2.0.2/gwt-user.jar!/com/google/gwt/animation/Animation.gwt.xml
            Loading inherited module 'com.google.gwt.core.Core'
               Module 'com.google.gwt.core.Core' has already been loaded and will be skipped
            Loading inherited module 'com.google.gwt.user.User'
               Module 'com.google.gwt.user.User' has already been loaded and will be skipped
         Loading inherited module 'com.google.gwt.resources.Resources'
            Module location: jar:file:/home/bastian/NetBeansProjects/Antibodydb/lib/GWT2.0.2/gwt-user.jar!/com/google/gwt/resources/Resources.gwt.xml
            Loading inherited module 'com.google.gwt.core.Core'
               Module 'com.google.gwt.core.Core' has already been loaded and will be skipped
            Loading inherited module 'com.google.gwt.dom.DOM'
               Module 'com.google.gwt.dom.DOM' has already been loaded and will be skipped
            Loading inherited module 'com.google.gwt.http.HTTP'
               Module location: jar:file:/home/bastian/NetBeansProjects/Antibodydb/lib/GWT2.0.2/gwt-user.jar!/com/google/gwt/http/HTTP.gwt.xml
               Loading inherited module 'com.google.gwt.core.Core'
                  Module 'com.google.gwt.core.Core' has already been loaded and will be skipped
               Loading inherited module 'com.google.gwt.xhr.XMLHttpRequest'
                  Module 'com.google.gwt.xhr.XMLHttpRequest' has already been loaded and will be skipped
               Loading inherited module 'com.google.gwt.user.User'
                  Module 'com.google.gwt.user.User' has already been loaded and will be skipped
         Loading inherited module 'com.google.gwt.layout.Layout'
            Module location: jar:file:/home/bastian/NetBeansProjects/Antibodydb/lib/GWT2.0.2/gwt-user.jar!/com/google/gwt/layout/Layout.gwt.xml
            Loading inherited module 'com.google.gwt.core.Core'
               Module 'com.google.gwt.core.Core' has already been loaded and will be skipped
            Loading inherited module 'com.google.gwt.user.UserAgent'
               Module 'com.google.gwt.user.UserAgent' has already been loaded and will be skipped
            Loading inherited module 'com.google.gwt.dom.DOM'
               Module 'com.google.gwt.dom.DOM' has already been loaded and will be skipped
            Loading inherited module 'com.google.gwt.animation.Animation'
               Module 'com.google.gwt.animation.Animation' has already been loaded and will be skipped
         Loading inherited module 'com.google.gwt.uibinder.UiBinder'
            Module location: jar:file:/home/bastian/NetBeansProjects/Antibodydb/lib/GWT2.0.2/gwt-user.jar!/com/google/gwt/uibinder/UiBinder.gwt.xml
            Loading inherited module 'com.google.gwt.resources.Resources'
               Module 'com.google.gwt.resources.Resources' has already been loaded and will be skipped
         Loading inherited module 'com.google.gwt.user.AsyncProxy'
            Module location: jar:file:/home/bastian/NetBeansProjects/Antibodydb/lib/GWT2.0.2/gwt-user.jar!/com/google/gwt/user/AsyncProxy.gwt.xml
         Loading inherited module 'com.google.gwt.user.RemoteService'
            Module location: jar:file:/home/bastian/NetBeansProjects/Antibodydb/lib/GWT2.0.2/gwt-user.jar!/com/google/gwt/user/RemoteService.gwt.xml
            Loading inherited module 'com.google.gwt.http.HTTP'
               Module 'com.google.gwt.http.HTTP' has already been loaded and will be skipped
         Loading inherited module 'com.google.gwt.user.DocumentRoot'
            Module location: jar:file:/home/bastian/NetBeansProjects/Antibodydb/lib/GWT2.0.2/gwt-user.jar!/com/google/gwt/user/DocumentRoot.gwt.xml
            Loading inherited module 'com.google.gwt.core.Core'
               Module 'com.google.gwt.core.Core' has already been loaded and will be skipped
            Loading inherited module 'com.google.gwt.user.UserAgent'
               Module 'com.google.gwt.user.UserAgent' has already been loaded and will be skipped
         Loading inherited module 'com.google.gwt.user.DOM'
            Module location: jar:file:/home/bastian/NetBeansProjects/Antibodydb/lib/GWT2.0.2/gwt-user.jar!/com/google/gwt/user/DOM.gwt.xml
            Loading inherited module 'com.google.gwt.core.Core'
               Module 'com.google.gwt.core.Core' has already been loaded and will be skipped
            Loading inherited module 'com.google.gwt.dom.DOM'
               Module 'com.google.gwt.dom.DOM' has already been loaded and will be skipped
            Loading inherited module 'com.google.gwt.user.UserAgent'
               Module 'com.google.gwt.user.UserAgent' has already been loaded and will be skipped
         Loading inherited module 'com.google.gwt.user.Window'
            Module location: jar:file:/home/bastian/NetBeansProjects/Antibodydb/lib/GWT2.0.2/gwt-user.jar!/com/google/gwt/user/Window.gwt.xml
            Loading inherited module 'com.google.gwt.core.Core'
               Module 'com.google.gwt.core.Core' has already been loaded and will be skipped
            Loading inherited module 'com.google.gwt.user.UserAgent'
               Module 'com.google.gwt.user.UserAgent' has already been loaded and will be skipped
         Loading inherited module 'com.google.gwt.user.HTTPRequest'
            Module location: jar:file:/home/bastian/NetBeansProjects/Antibodydb/lib/GWT2.0.2/gwt-user.jar!/com/google/gwt/user/HTTPRequest.gwt.xml
            Loading inherited module 'com.google.gwt.core.Core'
               Module 'com.google.gwt.core.Core' has already been loaded and will be skipped
            Loading inherited module 'com.google.gwt.xhr.XMLHttpRequest'
               Module 'com.google.gwt.xhr.XMLHttpRequest' has already been loaded and will be skipped
         Loading inherited module 'com.google.gwt.user.History'
            Module location: jar:file:/home/bastian/NetBeansProjects/Antibodydb/lib/GWT2.0.2/gwt-user.jar!/com/google/gwt/user/History.gwt.xml
            Loading inherited module 'com.google.gwt.core.Core'
               Module 'com.google.gwt.core.Core' has already been loaded and will be skipped
            Loading inherited module 'com.google.gwt.user.UserAgent'
               Module 'com.google.gwt.user.UserAgent' has already been loaded and will be skipped
         Loading inherited module 'com.google.gwt.i18n.I18N'
            Module location: jar:file:/home/bastian/NetBeansProjects/Antibodydb/lib/GWT2.0.2/gwt-user.jar!/com/google/gwt/i18n/I18N.gwt.xml
         Loading inherited module 'com.google.gwt.user.Popup'
            Module location: jar:file:/home/bastian/NetBeansProjects/Antibodydb/lib/GWT2.0.2/gwt-user.jar!/com/google/gwt/user/Popup.gwt.xml
            Loading inherited module 'com.google.gwt.core.Core'
               Module 'com.google.gwt.core.Core' has already been loaded and will be skipped
            Loading inherited module 'com.google.gwt.user.UserAgent'
               Module 'com.google.gwt.user.UserAgent' has already been loaded and will be skipped
         Loading inherited module 'com.google.gwt.user.Form'
            Module location: jar:file:/home/bastian/NetBeansProjects/Antibodydb/lib/GWT2.0.2/gwt-user.jar!/com/google/gwt/user/Form.gwt.xml
            Loading inherited module 'com.google.gwt.core.Core'
               Module 'com.google.gwt.core.Core' has already been loaded and will be skipped
            Loading inherited module 'com.google.gwt.user.UserAgent'
               Module 'com.google.gwt.user.UserAgent' has already been loaded and will be skipped
         Loading inherited module 'com.google.gwt.user.TextBox'
            Module location: jar:file:/home/bastian/NetBeansProjects/Antibodydb/lib/GWT2.0.2/gwt-user.jar!/com/google/gwt/user/TextBox.gwt.xml
            Loading inherited module 'com.google.gwt.core.Core'
               Module 'com.google.gwt.core.Core' has already been loaded and will be skipped
            Loading inherited module 'com.google.gwt.user.UserAgent'
               Module 'com.google.gwt.user.UserAgent' has already been loaded and will be skipped
         Loading inherited module 'com.google.gwt.user.Focus'
            Module location: jar:file:/home/bastian/NetBeansProjects/Antibodydb/lib/GWT2.0.2/gwt-user.jar!/com/google/gwt/user/Focus.gwt.xml
            Loading inherited module 'com.google.gwt.core.Core'
               Module 'com.google.gwt.core.Core' has already been loaded and will be skipped
            Loading inherited module 'com.google.gwt.user.UserAgent'
               Module 'com.google.gwt.user.UserAgent' has already been loaded and will be skipped
         Loading inherited module 'com.google.gwt.user.ImageBundle'
            Module location: jar:file:/home/bastian/NetBeansProjects/Antibodydb/lib/GWT2.0.2/gwt-user.jar!/com/google/gwt/user/ImageBundle.gwt.xml
            Loading inherited module 'com.google.gwt.user.ClippedImage'
               Module location: jar:file:/home/bastian/NetBeansProjects/Antibodydb/lib/GWT2.0.2/gwt-user.jar!/com/google/gwt/user/ClippedImage.gwt.xml
               Loading inherited module 'com.google.gwt.core.Core'
                  Module 'com.google.gwt.core.Core' has already been loaded and will be skipped
               Loading inherited module 'com.google.gwt.user.UserAgent'
                  Module 'com.google.gwt.user.UserAgent' has already been loaded and will be skipped
         Loading inherited module 'com.google.gwt.user.ClippedImage'
            Module 'com.google.gwt.user.ClippedImage' has already been loaded and will be skipped
         Loading inherited module 'com.google.gwt.user.RichText'
            Module location: jar:file:/home/bastian/NetBeansProjects/Antibodydb/lib/GWT2.0.2/gwt-user.jar!/com/google/gwt/user/RichText.gwt.xml
            Loading inherited module 'com.google.gwt.core.Core'
               Module 'com.google.gwt.core.Core' has already been loaded and will be skipped
            Loading inherited module 'com.google.gwt.user.UserAgent'
               Module 'com.google.gwt.user.UserAgent' has already been loaded and will be skipped
         Loading inherited module 'com.google.gwt.user.SplitPanel'
            Module location: jar:file:/home/bastian/NetBeansProjects/Antibodydb/lib/GWT2.0.2/gwt-user.jar!/com/google/gwt/user/SplitPanel.gwt.xml
            Loading inherited module 'com.google.gwt.user.User'
               Module 'com.google.gwt.user.User' has already been loaded and will be skipped
         Loading inherited module 'com.google.gwt.user.CaptionPanel'
            Module location: jar:file:/home/bastian/NetBeansProjects/Antibodydb/lib/GWT2.0.2/gwt-user.jar!/com/google/gwt/user/CaptionPanel.gwt.xml
            Loading inherited module 'com.google.gwt.core.Core'
               Module 'com.google.gwt.core.Core' has already been loaded and will be skipped
            Loading inherited module 'com.google.gwt.user.UserAgent'
               Module 'com.google.gwt.user.UserAgent' has already been loaded and will be skipped
         Loading inherited module 'com.google.gwt.user.Window'
            Module 'com.google.gwt.user.Window' has already been loaded and will be skipped
         Loading inherited module 'com.google.gwt.user.Tree'
            Module location: jar:file:/home/bastian/NetBeansProjects/Antibodydb/lib/GWT2.0.2/gwt-user.jar!/com/google/gwt/user/Tree.gwt.xml
            Loading inherited module 'com.google.gwt.core.Core'
               Module 'com.google.gwt.core.Core' has already been loaded and will be skipped
            Loading inherited module 'com.google.gwt.user.UserAgent'
               Module 'com.google.gwt.user.UserAgent' has already been loaded and will be skipped
         Loading inherited module 'com.google.gwt.user.Hyperlink'
            Module location: jar:file:/home/bastian/NetBeansProjects/Antibodydb/lib/GWT2.0.2/gwt-user.jar!/com/google/gwt/user/Hyperlink.gwt.xml
            Loading inherited module 'com.google.gwt.core.Core'
               Module 'com.google.gwt.core.Core' has already been loaded and will be skipped
            Loading inherited module 'com.google.gwt.user.UserAgent'
               Module 'com.google.gwt.user.UserAgent' has already been loaded and will be skipped
         Loading inherited module 'com.google.gwt.user.FileUpload'
            Module location: jar:file:/home/bastian/NetBeansProjects/Antibodydb/lib/GWT2.0.2/gwt-user.jar!/com/google/gwt/user/FileUpload.gwt.xml
            Loading inherited module 'com.google.gwt.core.Core'
               Module 'com.google.gwt.core.Core' has already been loaded and will be skipped
            Loading inherited module 'com.google.gwt.user.UserAgent'
               Module 'com.google.gwt.user.UserAgent' has already been loaded and will be skipped
         Loading inherited module 'com.google.gwt.user.datepicker.DatePicker'
            Module location: jar:file:/home/bastian/NetBeansProjects/Antibodydb/lib/GWT2.0.2/gwt-user.jar!/com/google/gwt/user/datepicker/DatePicker.gwt.xml
      Loading inherited module 'com.google.gwt.i18n.I18N'
         Module 'com.google.gwt.i18n.I18N' has already been loaded and will be skipped
      Loading inherited module 'com.google.gwt.resources.Resources'
         Module 'com.google.gwt.resources.Resources' has already been loaded and will be skipped
      Public resources found in...
         Refreshing resources
            Searching for resources within file:/home/bastian/NetBeansProjects/Antibodydb/lib/GWT2.0.2/gwt-user.jar
               Indexing zip file: /home/bastian/NetBeansProjects/Antibodydb/lib/GWT2.0.2/gwt-user.jar
            Searching for resources within file:/home/bastian/NetBeansProjects/Antibodydb/lib/gwt-dev.jar
               Indexing zip file: /home/bastian/NetBeansProjects/Antibodydb/lib/gwt-dev.jar
            Searching for resources within file:/home/bastian/NetBeansProjects/Antibodydb/lib/gwt-servlet.jar
               Indexing zip file: /home/bastian/NetBeansProjects/Antibodydb/lib/gwt-servlet.jar
            Searching for resources within file:/usr/lib/jvm/java-6-sun-1.6.0.16/jre/lib/ext/sunpkcs11.jar
               Indexing zip file: /usr/lib/jvm/java-6-sun-1.6.0.16/jre/lib/ext/sunpkcs11.jar
            Searching for resources within file:/usr/lib/jvm/java-6-sun-1.6.0.16/jre/lib/ext/localedata.jar
               Indexing zip file: /usr/lib/jvm/java-6-sun-1.6.0.16/jre/lib/ext/localedata.jar
            Searching for resources within file:/usr/lib/jvm/java-6-sun-1.6.0.16/jre/lib/ext/dnsns.jar
               Indexing zip file: /usr/lib/jvm/java-6-sun-1.6.0.16/jre/lib/ext/dnsns.jar
            Searching for resources within file:/usr/lib/jvm/java-6-sun-1.6.0.16/jre/lib/ext/sunjce_provider.jar
               Indexing zip file: /usr/lib/jvm/java-6-sun-1.6.0.16/jre/lib/ext/sunjce_provider.jar
      Translatable source found in...
         Refreshing resources
      Bootstrap link for command-line module 'de.dkfz.mga.antibodydb.antibodydb'
         Linking module 'de.dkfz.mga.antibodydb.antibodydb'
            Invoking Linker RPC policy file manifest
            Invoking Linker Standard
            Invoking Linker Export CompilationResult symbol maps
            Invoking Linker Emit compile report artifacts
            Linking compilation into /home/bastian/NetBeansProjects/Antibodydb/build/web/de.dkfz.mga.antibodydb.antibodydb
Connection received from localhost:39327

[ERROR] Unable to bind socket on port 9997 -- is another session active?
java.net.BindException: Address already in use
	at java.net.PlainSocketImpl.socketBind(Native Method)
	at java.net.PlainSocketImpl.bind(PlainSocketImpl.java:365)
	at java.net.ServerSocket.bind(ServerSocket.java:319)
	at java.net.ServerSocket.bind(ServerSocket.java:277)
	at com.google.gwt.dev.shell.BrowserListener.<init>(BrowserListener.java:67)
	at com.google.gwt.dev.DevModeBase.ensureCodeServerListener(DevModeBase.java:898)
	at com.google.gwt.dev.DevModeBase.doStartup(DevModeBase.java:888)
	at com.google.gwt.dev.DevModeBase.startUp(DevModeBase.java:1030)
	at com.google.gwt.dev.DevModeBase.run(DevModeBase.java:783)
	at com.google.gwt.dev.DevMode.main(DevMode.java:275)
Connection received from localhost:56674

Started code server on port 9997
Started web server on port 8888
Loading modules
   de.dkfz.mga.antibodydb.antibodydb
      Module location: file:/home/bastian/NetBeansProjects/Antibodydb/src/java/de/dkfz/mga/antibodydb/antibodydb.gwt.xml
      Loading inherited module 'com.google.gwt.user.User'
         Module location: jar:file:/home/bastian/NetBeansProjects/Antibodydb/lib/GWT2.0.2/gwt-user.jar!/com/google/gwt/user/User.gwt.xml
         Loading inherited module 'com.google.gwt.core.Core'
            Module location: jar:file:/home/bastian/NetBeansProjects/Antibodydb/lib/GWT2.0.2/gwt-user.jar!/com/google/gwt/core/Core.gwt.xml
            Loading inherited module 'com.google.gwt.dev.jjs.intrinsic.Intrinsic'
               Module location: jar:file:/home/bastian/NetBeansProjects/Antibodydb/lib/gwt-dev.jar!/com/google/gwt/dev/jjs/intrinsic/Intrinsic.gwt.xml
               Loading inherited module 'com.google.gwt.lang.LongLib'
                  Module location: jar:file:/home/bastian/NetBeansProjects/Antibodydb/lib/gwt-dev.jar!/com/google/gwt/lang/LongLib.gwt.xml
            Loading inherited module 'com.google.gwt.emul.Emulation'
               Module location: jar:file:/home/bastian/NetBeansProjects/Antibodydb/lib/GWT2.0.2/gwt-user.jar!/com/google/gwt/emul/Emulation.gwt.xml
            Loading inherited module 'com.google.gwt.xhr.XMLHttpRequest'
               Module location: jar:file:/home/bastian/NetBeansProjects/Antibodydb/lib/GWT2.0.2/gwt-user.jar!/com/google/gwt/xhr/XMLHttpRequest.gwt.xml
               Loading inherited module 'com.google.gwt.core.Core'
                  Module 'com.google.gwt.core.Core' has already been loaded and will be skipped
            Loading inherited module 'com.google.gwt.core.CompilerParameters'
               Module location: jar:file:/home/bastian/NetBeansProjects/Antibodydb/lib/GWT2.0.2/gwt-user.jar!/com/google/gwt/core/CompilerParameters.gwt.xml
            Loading inherited module 'com.google.gwt.core.EmulateJsStack'
               Module location: jar:file:/home/bastian/NetBeansProjects/Antibodydb/lib/GWT2.0.2/gwt-user.jar!/com/google/gwt/core/EmulateJsStack.gwt.xml
               Loading inherited module 'com.google.gwt.core.Core'
                  Module 'com.google.gwt.core.Core' has already been loaded and will be skipped
         Loading inherited module 'com.google.gwt.event.Event'
            Module location: jar:file:/home/bastian/NetBeansProjects/Antibodydb/lib/GWT2.0.2/gwt-user.jar!/com/google/gwt/event/Event.gwt.xml
            Loading inherited module 'com.google.gwt.event.EventBase'
               Module location: jar:file:/home/bastian/NetBeansProjects/Antibodydb/lib/GWT2.0.2/gwt-user.jar!/com/google/gwt/event/EventBase.gwt.xml
               Loading inherited module 'com.google.gwt.core.Core'
                  Module 'com.google.gwt.core.Core' has already been loaded and will be skipped
            Loading inherited module 'com.google.gwt.event.dom.DomEvent'
               Module location: jar:file:/home/bastian/NetBeansProjects/Antibodydb/lib/GWT2.0.2/gwt-user.jar!/com/google/gwt/event/dom/DomEvent.gwt.xml
               Loading inherited module 'com.google.gwt.event.EventBase'
                  Module 'com.google.gwt.event.EventBase' has already been loaded and will be skipped
               Loading inherited module 'com.google.gwt.dom.DOM'
                  Module location: jar:file:/home/bastian/NetBeansProjects/Antibodydb/lib/GWT2.0.2/gwt-user.jar!/com/google/gwt/dom/DOM.gwt.xml
                  Loading inherited module 'com.google.gwt.core.Core'
                     Module 'com.google.gwt.core.Core' has already been loaded and will be skipped
                  Loading inherited module 'com.google.gwt.user.UserAgent'
                     Module location: jar:file:/home/bastian/NetBeansProjects/Antibodydb/lib/GWT2.0.2/gwt-user.jar!/com/google/gwt/user/UserAgent.gwt.xml
                     Loading inherited module 'com.google.gwt.emul.EmulationWithUserAgent'
                        Module location: jar:file:/home/bastian/NetBeansProjects/Antibodydb/lib/GWT2.0.2/gwt-user.jar!/com/google/gwt/emul/EmulationWithUserAgent.gwt.xml
                        Loading inherited module 'com.google.gwt.emul.Emulation'
                           Module 'com.google.gwt.emul.Emulation' has already been loaded and will be skipped
                     Loading inherited module 'com.google.gwt.core.CoreWithUserAgent'
                        Module location: jar:file:/home/bastian/NetBeansProjects/Antibodydb/lib/GWT2.0.2/gwt-user.jar!/com/google/gwt/core/CoreWithUserAgent.gwt.xml
                        Loading inherited module 'com.google.gwt.core.Core'
                           Module 'com.google.gwt.core.Core' has already been loaded and will be skipped
            Loading inherited module 'com.google.gwt.event.logical.LogicalEvent'
               Module location: jar:file:/home/bastian/NetBeansProjects/Antibodydb/lib/GWT2.0.2/gwt-user.jar!/com/google/gwt/event/logical/LogicalEvent.gwt.xml
               Loading inherited module 'com.google.gwt.event.EventBase'
                  Module 'com.google.gwt.event.EventBase' has already been loaded and will be skipped
         Loading inherited module 'com.google.gwt.animation.Animation'
            Module location: jar:file:/home/bastian/NetBeansProjects/Antibodydb/lib/GWT2.0.2/gwt-user.jar!/com/google/gwt/animation/Animation.gwt.xml
            Loading inherited module 'com.google.gwt.core.Core'
               Module 'com.google.gwt.core.Core' has already been loaded and will be skipped
            Loading inherited module 'com.google.gwt.user.User'
               Module 'com.google.gwt.user.User' has already been loaded and will be skipped
         Loading inherited module 'com.google.gwt.resources.Resources'
            Module location: jar:file:/home/bastian/NetBeansProjects/Antibodydb/lib/GWT2.0.2/gwt-user.jar!/com/google/gwt/resources/Resources.gwt.xml
            Loading inherited module 'com.google.gwt.core.Core'
               Module 'com.google.gwt.core.Core' has already been loaded and will be skipped
            Loading inherited module 'com.google.gwt.dom.DOM'
               Module 'com.google.gwt.dom.DOM' has already been loaded and will be skipped
            Loading inherited module 'com.google.gwt.http.HTTP'
               Module location: jar:file:/home/bastian/NetBeansProjects/Antibodydb/lib/GWT2.0.2/gwt-user.jar!/com/google/gwt/http/HTTP.gwt.xml
               Loading inherited module 'com.google.gwt.core.Core'
                  Module 'com.google.gwt.core.Core' has already been loaded and will be skipped
               Loading inherited module 'com.google.gwt.xhr.XMLHttpRequest'
                  Module 'com.google.gwt.xhr.XMLHttpRequest' has already been loaded and will be skipped
               Loading inherited module 'com.google.gwt.user.User'
                  Module 'com.google.gwt.user.User' has already been loaded and will be skipped
         Loading inherited module 'com.google.gwt.layout.Layout'
            Module location: jar:file:/home/bastian/NetBeansProjects/Antibodydb/lib/GWT2.0.2/gwt-user.jar!/com/google/gwt/layout/Layout.gwt.xml
            Loading inherited module 'com.google.gwt.core.Core'
               Module 'com.google.gwt.core.Core' has already been loaded and will be skipped
            Loading inherited module 'com.google.gwt.user.UserAgent'
               Module 'com.google.gwt.user.UserAgent' has already been loaded and will be skipped
            Loading inherited module 'com.google.gwt.dom.DOM'
               Module 'com.google.gwt.dom.DOM' has already been loaded and will be skipped
            Loading inherited module 'com.google.gwt.animation.Animation'
               Module 'com.google.gwt.animation.Animation' has already been loaded and will be skipped
         Loading inherited module 'com.google.gwt.uibinder.UiBinder'
            Module location: jar:file:/home/bastian/NetBeansProjects/Antibodydb/lib/GWT2.0.2/gwt-user.jar!/com/google/gwt/uibinder/UiBinder.gwt.xml
            Loading inherited module 'com.google.gwt.resources.Resources'
               Module 'com.google.gwt.resources.Resources' has already been loaded and will be skipped
         Loading inherited module 'com.google.gwt.user.AsyncProxy'
            Module location: jar:file:/home/bastian/NetBeansProjects/Antibodydb/lib/GWT2.0.2/gwt-user.jar!/com/google/gwt/user/AsyncProxy.gwt.xml
         Loading inherited module 'com.google.gwt.user.RemoteService'
            Module location: jar:file:/home/bastian/NetBeansProjects/Antibodydb/lib/GWT2.0.2/gwt-user.jar!/com/google/gwt/user/RemoteService.gwt.xml
            Loading inherited module 'com.google.gwt.http.HTTP'
               Module 'com.google.gwt.http.HTTP' has already been loaded and will be skipped
         Loading inherited module 'com.google.gwt.user.DocumentRoot'
            Module location: jar:file:/home/bastian/NetBeansProjects/Antibodydb/lib/GWT2.0.2/gwt-user.jar!/com/google/gwt/user/DocumentRoot.gwt.xml
            Loading inherited module 'com.google.gwt.core.Core'
               Module 'com.google.gwt.core.Core' has already been loaded and will be skipped
            Loading inherited module 'com.google.gwt.user.UserAgent'
               Module 'com.google.gwt.user.UserAgent' has already been loaded and will be skipped
         Loading inherited module 'com.google.gwt.user.DOM'
            Module location: jar:file:/home/bastian/NetBeansProjects/Antibodydb/lib/GWT2.0.2/gwt-user.jar!/com/google/gwt/user/DOM.gwt.xml
            Loading inherited module 'com.google.gwt.core.Core'
               Module 'com.google.gwt.core.Core' has already been loaded and will be skipped
            Loading inherited module 'com.google.gwt.dom.DOM'
               Module 'com.google.gwt.dom.DOM' has already been loaded and will be skipped
            Loading inherited module 'com.google.gwt.user.UserAgent'
               Module 'com.google.gwt.user.UserAgent' has already been loaded and will be skipped
         Loading inherited module 'com.google.gwt.user.Window'
            Module location: jar:file:/home/bastian/NetBeansProjects/Antibodydb/lib/GWT2.0.2/gwt-user.jar!/com/google/gwt/user/Window.gwt.xml
            Loading inherited module 'com.google.gwt.core.Core'
               Module 'com.google.gwt.core.Core' has already been loaded and will be skipped
            Loading inherited module 'com.google.gwt.user.UserAgent'
               Module 'com.google.gwt.user.UserAgent' has already been loaded and will be skipped
         Loading inherited module 'com.google.gwt.user.HTTPRequest'
            Module location: jar:file:/home/bastian/NetBeansProjects/Antibodydb/lib/GWT2.0.2/gwt-user.jar!/com/google/gwt/user/HTTPRequest.gwt.xml
            Loading inherited module 'com.google.gwt.core.Core'
               Module 'com.google.gwt.core.Core' has already been loaded and will be skipped
            Loading inherited module 'com.google.gwt.xhr.XMLHttpRequest'
               Module 'com.google.gwt.xhr.XMLHttpRequest' has already been loaded and will be skipped
         Loading inherited module 'com.google.gwt.user.History'
            Module location: jar:file:/home/bastian/NetBeansProjects/Antibodydb/lib/GWT2.0.2/gwt-user.jar!/com/google/gwt/user/History.gwt.xml
            Loading inherited module 'com.google.gwt.core.Core'
               Module 'com.google.gwt.core.Core' has already been loaded and will be skipped
            Loading inherited module 'com.google.gwt.user.UserAgent'
               Module 'com.google.gwt.user.UserAgent' has already been loaded and will be skipped
         Loading inherited module 'com.google.gwt.i18n.I18N'
            Module location: jar:file:/home/bastian/NetBeansProjects/Antibodydb/lib/GWT2.0.2/gwt-user.jar!/com/google/gwt/i18n/I18N.gwt.xml
         Loading inherited module 'com.google.gwt.user.Popup'
            Module location: jar:file:/home/bastian/NetBeansProjects/Antibodydb/lib/GWT2.0.2/gwt-user.jar!/com/google/gwt/user/Popup.gwt.xml
            Loading inherited module 'com.google.gwt.core.Core'
               Module 'com.google.gwt.core.Core' has already been loaded and will be skipped
            Loading inherited module 'com.google.gwt.user.UserAgent'
               Module 'com.google.gwt.user.UserAgent' has already been loaded and will be skipped
         Loading inherited module 'com.google.gwt.user.Form'
            Module location: jar:file:/home/bastian/NetBeansProjects/Antibodydb/lib/GWT2.0.2/gwt-user.jar!/com/google/gwt/user/Form.gwt.xml
            Loading inherited module 'com.google.gwt.core.Core'
               Module 'com.google.gwt.core.Core' has already been loaded and will be skipped
            Loading inherited module 'com.google.gwt.user.UserAgent'
               Module 'com.google.gwt.user.UserAgent' has already been loaded and will be skipped
         Loading inherited module 'com.google.gwt.user.TextBox'
            Module location: jar:file:/home/bastian/NetBeansProjects/Antibodydb/lib/GWT2.0.2/gwt-user.jar!/com/google/gwt/user/TextBox.gwt.xml
            Loading inherited module 'com.google.gwt.core.Core'
               Module 'com.google.gwt.core.Core' has already been loaded and will be skipped
            Loading inherited module 'com.google.gwt.user.UserAgent'
               Module 'com.google.gwt.user.UserAgent' has already been loaded and will be skipped
         Loading inherited module 'com.google.gwt.user.Focus'
            Module location: jar:file:/home/bastian/NetBeansProjects/Antibodydb/lib/GWT2.0.2/gwt-user.jar!/com/google/gwt/user/Focus.gwt.xml
            Loading inherited module 'com.google.gwt.core.Core'
               Module 'com.google.gwt.core.Core' has already been loaded and will be skipped
            Loading inherited module 'com.google.gwt.user.UserAgent'
               Module 'com.google.gwt.user.UserAgent' has already been loaded and will be skipped
         Loading inherited module 'com.google.gwt.user.ImageBundle'
            Module location: jar:file:/home/bastian/NetBeansProjects/Antibodydb/lib/GWT2.0.2/gwt-user.jar!/com/google/gwt/user/ImageBundle.gwt.xml
            Loading inherited module 'com.google.gwt.user.ClippedImage'
               Module location: jar:file:/home/bastian/NetBeansProjects/Antibodydb/lib/GWT2.0.2/gwt-user.jar!/com/google/gwt/user/ClippedImage.gwt.xml
               Loading inherited module 'com.google.gwt.core.Core'
                  Module 'com.google.gwt.core.Core' has already been loaded and will be skipped
               Loading inherited module 'com.google.gwt.user.UserAgent'
                  Module 'com.google.gwt.user.UserAgent' has already been loaded and will be skipped
         Loading inherited module 'com.google.gwt.user.ClippedImage'
            Module 'com.google.gwt.user.ClippedImage' has already been loaded and will be skipped
         Loading inherited module 'com.google.gwt.user.RichText'
            Module location: jar:file:/home/bastian/NetBeansProjects/Antibodydb/lib/GWT2.0.2/gwt-user.jar!/com/google/gwt/user/RichText.gwt.xml
            Loading inherited module 'com.google.gwt.core.Core'
               Module 'com.google.gwt.core.Core' has already been loaded and will be skipped
            Loading inherited module 'com.google.gwt.user.UserAgent'
               Module 'com.google.gwt.user.UserAgent' has already been loaded and will be skipped
         Loading inherited module 'com.google.gwt.user.SplitPanel'
            Module location: jar:file:/home/bastian/NetBeansProjects/Antibodydb/lib/GWT2.0.2/gwt-user.jar!/com/google/gwt/user/SplitPanel.gwt.xml
            Loading inherited module 'com.google.gwt.user.User'
               Module 'com.google.gwt.user.User' has already been loaded and will be skipped
         Loading inherited module 'com.google.gwt.user.CaptionPanel'
            Module location: jar:file:/home/bastian/NetBeansProjects/Antibodydb/lib/GWT2.0.2/gwt-user.jar!/com/google/gwt/user/CaptionPanel.gwt.xml
            Loading inherited module 'com.google.gwt.core.Core'
               Module 'com.google.gwt.core.Core' has already been loaded and will be skipped
            Loading inherited module 'com.google.gwt.user.UserAgent'
               Module 'com.google.gwt.user.UserAgent' has already been loaded and will be skipped
         Loading inherited module 'com.google.gwt.user.Window'
            Module 'com.google.gwt.user.Window' has already been loaded and will be skipped
         Loading inherited module 'com.google.gwt.user.Tree'
            Module location: jar:file:/home/bastian/NetBeansProjects/Antibodydb/lib/GWT2.0.2/gwt-user.jar!/com/google/gwt/user/Tree.gwt.xml
            Loading inherited module 'com.google.gwt.core.Core'
               Module 'com.google.gwt.core.Core' has already been loaded and will be skipped
            Loading inherited module 'com.google.gwt.user.UserAgent'
               Module 'com.google.gwt.user.UserAgent' has already been loaded and will be skipped
         Loading inherited module 'com.google.gwt.user.Hyperlink'
            Module location: jar:file:/home/bastian/NetBeansProjects/Antibodydb/lib/GWT2.0.2/gwt-user.jar!/com/google/gwt/user/Hyperlink.gwt.xml
            Loading inherited module 'com.google.gwt.core.Core'
               Module 'com.google.gwt.core.Core' has already been loaded and will be skipped
            Loading inherited module 'com.google.gwt.user.UserAgent'
               Module 'com.google.gwt.user.UserAgent' has already been loaded and will be skipped
         Loading inherited module 'com.google.gwt.user.FileUpload'
            Module location: jar:file:/home/bastian/NetBeansProjects/Antibodydb/lib/GWT2.0.2/gwt-user.jar!/com/google/gwt/user/FileUpload.gwt.xml
            Loading inherited module 'com.google.gwt.core.Core'
               Module 'com.google.gwt.core.Core' has already been loaded and will be skipped
            Loading inherited module 'com.google.gwt.user.UserAgent'
               Module 'com.google.gwt.user.UserAgent' has already been loaded and will be skipped
         Loading inherited module 'com.google.gwt.user.datepicker.DatePicker'
            Module location: jar:file:/home/bastian/NetBeansProjects/Antibodydb/lib/GWT2.0.2/gwt-user.jar!/com/google/gwt/user/datepicker/DatePicker.gwt.xml
      Loading inherited module 'com.google.gwt.i18n.I18N'
         Module 'com.google.gwt.i18n.I18N' has already been loaded and will be skipped
      Loading inherited module 'com.google.gwt.resources.Resources'
         Module 'com.google.gwt.resources.Resources' has already been loaded and will be skipped
      Public resources found in...
         Refreshing resources
            Searching for resources within file:/home/bastian/NetBeansProjects/Antibodydb/lib/GWT2.0.2/gwt-user.jar
               Indexing zip file: /home/bastian/NetBeansProjects/Antibodydb/lib/GWT2.0.2/gwt-user.jar
            Searching for resources within file:/home/bastian/NetBeansProjects/Antibodydb/lib/gwt-dev.jar
               Indexing zip file: /home/bastian/NetBeansProjects/Antibodydb/lib/gwt-dev.jar
            Searching for resources within file:/home/bastian/NetBeansProjects/Antibodydb/lib/gwt-servlet.jar
               Indexing zip file: /home/bastian/NetBeansProjects/Antibodydb/lib/gwt-servlet.jar
            Searching for resources within file:/usr/lib/jvm/java-6-sun-1.6.0.16/jre/lib/ext/sunpkcs11.jar
               Indexing zip file: /usr/lib/jvm/java-6-sun-1.6.0.16/jre/lib/ext/sunpkcs11.jar
            Searching for resources within file:/usr/lib/jvm/java-6-sun-1.6.0.16/jre/lib/ext/localedata.jar
               Indexing zip file: /usr/lib/jvm/java-6-sun-1.6.0.16/jre/lib/ext/localedata.jar
            Searching for resources within file:/usr/lib/jvm/java-6-sun-1.6.0.16/jre/lib/ext/dnsns.jar
               Indexing zip file: /usr/lib/jvm/java-6-sun-1.6.0.16/jre/lib/ext/dnsns.jar
            Searching for resources within file:/usr/lib/jvm/java-6-sun-1.6.0.16/jre/lib/ext/sunjce_provider.jar
               Indexing zip file: /usr/lib/jvm/java-6-sun-1.6.0.16/jre/lib/ext/sunjce_provider.jar
      Translatable source found in...
         Refreshing resources
      Bootstrap link for command-line module 'de.dkfz.mga.antibodydb.antibodydb'
         Linking module 'de.dkfz.mga.antibodydb.antibodydb'
            Invoking Linker RPC policy file manifest
            Invoking Linker Standard
            Invoking Linker Export CompilationResult symbol maps
            Invoking Linker Emit compile report artifacts
            Linking compilation into /home/bastian/NetBeansProjects/Antibodydb/build/web/de.dkfz.mga.antibodydb.antibodydb
Connection received from localhost:48920
Connection received from localhost:48923
Connection received from localhost:46687
Connection received from localhost:46688
Connection received from localhost:32849
Connection received from localhost:32851
























